This is MetaPost, version 1.803 (MiKTeX 2.9)  17 NOV 2015 20:46
**56DysonEq
(mpost.mp (C:/Program Files (x86)/MiKTeX 2.9/metapost/base/plain.mp
Preloading the plain mem file, version 1.004) ) (C:/Users/Tom/Documents/GitHub/FY8302/56DysonEq.mp
(C:/Program Files (x86)/MiKTeX 2.9/metapost/feynmf/feynmp.mp)
! Missing `)' has been inserted.
<to be read again> 
                   write
l.10 vleftn (__i, \immediate \write
                                    \@outfmf {vrightn (__), ;);}\ignorespaces 
? 
! Emergency stop.
<to be read again> 
                   write
l.10 vleftn (__i, \immediate \write
                                    \@outfmf {vrightn (__), ;);}\ignorespaces 
End of file on the terminal!


 
Here is how much of MetaPost's memory you used:
 290 strings using 4384 characters
 909356 bytes of node memory
 921 symbolic tokens
 12i,77n,22p,107b,3f stack positions out of 16i,96n,25p,200b,4f
