\BOOKMARK [1][-]{section.1}{Introduction}{}% 1
\BOOKMARK [2][-]{subsection.1.1}{Statistical mechanics}{section.1}% 2
\BOOKMARK [2][-]{subsection.1.2}{Many-particle state vector for fermions}{section.1}% 3
\BOOKMARK [2][-]{subsection.1.3}{Many-particle states}{section.1}% 4
\BOOKMARK [2][-]{subsection.1.4}{The formulation of many-particle theory as a quantum field theory}{section.1}% 5
\BOOKMARK [2][-]{subsection.1.5}{Single-particle operators}{section.1}% 6
\BOOKMARK [2][-]{subsection.1.6}{Two-particle operators}{section.1}% 7
\BOOKMARK [1][-]{section.2}{Electrons with interaction}{}% 8
\BOOKMARK [2][-]{subsection.2.1}{Second quantization of single-particle operators}{section.2}% 9
\BOOKMARK [2][-]{subsection.2.2}{Second quantization of two-particle operators}{section.2}% 10
\BOOKMARK [2][-]{subsection.2.3}{The interacting electron gas}{section.2}% 11
\BOOKMARK [2][-]{subsection.2.4}{Electron-electron interaction}{section.2}% 12
\BOOKMARK [2][-]{subsection.2.5}{The atom orbital basis \(the lattice fermion model\)}{section.2}% 13
\BOOKMARK [2][-]{subsection.2.6}{Coulomb interaction}{section.2}% 14
\BOOKMARK [1][-]{section.3}{Second quantization for bosons}{}% 15
\BOOKMARK [1][-]{section.4}{Lattice fermions and spin models}{}% 16
\BOOKMARK [2][-]{subsection.4.1}{Heisenberg model}{section.4}% 17
\BOOKMARK [2][-]{subsection.4.2}{Low-temperature properties of magnetic insulators}{section.4}% 18
\BOOKMARK [2][-]{subsection.4.3}{2D quadratic lattice}{section.4}% 19
\BOOKMARK [2][-]{subsection.4.4}{Antiferromagnets}{section.4}% 20
\BOOKMARK [2][-]{subsection.4.5}{Magnetization on the sublattice A}{section.4}% 21
\BOOKMARK [2][-]{subsection.4.6}{Quantization of lattice vibrations: phonons}{section.4}% 22
\BOOKMARK [2][-]{subsection.4.7}{Non-harmonics}{section.4}% 23
\BOOKMARK [2][-]{subsection.4.8}{Electron-phonon coupling}{section.4}% 24
\BOOKMARK [1][-]{section.5}{Many-particle perturbation theory}{}% 25
\BOOKMARK [2][-]{subsection.5.1}{Zero temperature}{section.5}% 26
\BOOKMARK [2][-]{subsection.5.2}{Time evolution of states}{section.5}% 27
\BOOKMARK [2][-]{subsection.5.3}{Evolution operator for a state |\(t\)"526930B \040in the interaction picture}{section.5}% 28
\BOOKMARK [2][-]{subsection.5.4}{The S-matrix}{section.5}% 29
\BOOKMARK [2][-]{subsection.5.5}{Time ordering of operators}{section.5}% 30
\BOOKMARK [1][-]{section.6}{Green functions}{}% 31
\BOOKMARK [2][-]{subsection.6.1}{Single-particle Green function}{section.6}% 32
\BOOKMARK [2][-]{subsection.6.2}{Free-electron Green function}{section.6}% 33
\BOOKMARK [2][-]{subsection.6.3}{Free phonon Green function}{section.6}% 34
\BOOKMARK [2][-]{subsection.6.4}{Perturbative corrections to the Green functions \(single-particle\)}{section.6}% 35
\BOOKMARK [3][-]{subsubsection.6.4.1}{1st-order correction to the electron-propagator with electron-phonon interaction: \(=\(\)\) }{subsection.6.4}% 36
\BOOKMARK [3][-]{subsubsection.6.4.2}{2nd-order correction}{subsection.6.4}% 37
\BOOKMARK [2][-]{subsection.6.5}{Wick's Theorem}{section.6}% 38
\BOOKMARK [2][-]{subsection.6.6}{Example of use of Wick's theorem}{section.6}% 39
\BOOKMARK [2][-]{subsection.6.7}{The Dyson Equation}{section.6}% 40
\BOOKMARK [2][-]{subsection.6.8}{Effective Interaction Between Electrons due to Phonons}{section.6}% 41
\BOOKMARK [1][-]{section.7}{Screening of Coulomb-interaction}{}% 42
\BOOKMARK [2][-]{subsection.7.1}{Calculation of pi\(q,omega\)}{section.7}% 43
\BOOKMARK [2][-]{subsection.7.2}{Quasi Particles in Interacting Electron Systems}{section.7}% 44
\BOOKMARK [1][-]{section.8}{Superconductivity}{}% 45
\BOOKMARK [2][-]{subsection.8.1}{Introduction}{section.8}% 46
\BOOKMARK [2][-]{subsection.8.2}{The Cooper Problem}{section.8}% 47
\BOOKMARK [2][-]{subsection.8.3}{The Bardeen\205Cooper\205Schrieffer Theory of Superconductivity}{section.8}% 48
